<?xml version="1.0" encoding="UTF-8"?>
<testng-results ignored="12" total="16" passed="4" failed="0" skipped="0">
  <reporter-output>
  </reporter-output>
  <suite started-at="2023-01-01T21:20:20 EET" name="4Sale" finished-at="2023-01-01T21:21:30 EET" duration-ms="70350">
    <groups>
    </groups>
    <test started-at="2023-01-01T21:20:20 EET" name="Android" finished-at="2023-01-01T21:21:30 EET" duration-ms="70350">
      <class name="com.ForSale.testcases.HomeScreenTest">
        <test-method is-config="true" signature="beforeMethod(java.lang.reflect.Method)[pri:0, instance:com.ForSale.testcases.HomeScreenTest@610f7aa]" started-at="2023-01-01T21:20:39 EET" name="beforeMethod" finished-at="2023-01-01T21:20:39 EET" duration-ms="2" status="PASS">
          <params>
            <param index="0">
              <value>
                <![CDATA[public void com.ForSale.testcases.HomeScreenTest.TestCase_ClickPostAnAd()]]>
              </value>
            </param>
          </params>
          <reporter-output>
          </reporter-output>
        </test-method> <!-- beforeMethod -->
        <test-method signature="TestCase_ClickPostAnAd()[pri:0, instance:com.ForSale.testcases.HomeScreenTest@610f7aa]" started-at="2023-01-01T21:20:39 EET" name="TestCase_ClickPostAnAd" finished-at="2023-01-01T21:21:04 EET" duration-ms="25178" status="PASS">
          <reporter-output>
          </reporter-output>
        </test-method> <!-- TestCase_ClickPostAnAd -->
        <test-method is-config="true" signature="afterMethod(java.lang.reflect.Method,org.testng.ITestResult)[pri:0, instance:com.ForSale.testcases.HomeScreenTest@610f7aa]" started-at="2023-01-01T21:21:04 EET" name="afterMethod" finished-at="2023-01-01T21:21:05 EET" duration-ms="918" status="PASS">
          <params>
            <param index="0">
              <value>
                <![CDATA[public void com.ForSale.testcases.HomeScreenTest.TestCase_ClickPostAnAd()]]>
              </value>
            </param>
            <param index="1">
              <value>
                <![CDATA[[TestResult name=TestCase_ClickPostAnAd status=SUCCESS method=HomeScreenTest.TestCase_ClickPostAnAd()[pri:0, instance:com.ForSale.testcases.HomeScreenTest@610f7aa] output={null}]]]>
              </value>
            </param>
          </params>
          <reporter-output>
          </reporter-output>
        </test-method> <!-- afterMethod -->
      </class> <!-- com.ForSale.testcases.HomeScreenTest -->
      <class name="com.ForSale.base.Base">
        <test-method is-config="true" signature="beforeSuite()[pri:0, instance:com.ForSale.base.Base@6db9f5a4]" started-at="2023-01-01T21:20:20 EET" name="beforeSuite" finished-at="2023-01-01T21:20:20 EET" duration-ms="181" status="PASS">
          <reporter-output>
          </reporter-output>
        </test-method> <!-- beforeSuite -->
        <test-method is-config="true" signature="beforeTest(java.lang.String,java.lang.String)[pri:0, instance:com.ForSale.base.Base@6db9f5a4]" started-at="2023-01-01T21:20:20 EET" name="beforeTest" finished-at="2023-01-01T21:20:39 EET" duration-ms="19102" status="PASS">
          <params>
            <param index="0">
              <value>
                <![CDATA[Redmi 9]]>
              </value>
            </param>
            <param index="1">
              <value>
                <![CDATA[Android]]>
              </value>
            </param>
          </params>
          <reporter-output>
          </reporter-output>
        </test-method> <!-- beforeTest -->
        <test-method is-config="true" signature="afterTest()[pri:0, instance:com.ForSale.base.Base@6db9f5a4]" started-at="2023-01-01T21:21:30 EET" name="afterTest" finished-at="2023-01-01T21:21:30 EET" duration-ms="509" status="PASS">
          <reporter-output>
          </reporter-output>
        </test-method> <!-- afterTest -->
        <test-method is-config="true" signature="afterSuite()[pri:0, instance:com.ForSale.base.Base@6db9f5a4]" started-at="2023-01-01T21:21:30 EET" name="afterSuite" finished-at="2023-01-01T21:21:31 EET" duration-ms="617" status="PASS">
          <reporter-output>
          </reporter-output>
        </test-method> <!-- afterSuite -->
      </class> <!-- com.ForSale.base.Base -->
      <class name="com.ForSale.testcases.AddMediaScreenTest">
        <test-method is-config="true" signature="beforeMethod(java.lang.reflect.Method)[pri:0, instance:com.ForSale.testcases.AddMediaScreenTest@21b2e768]" started-at="2023-01-01T21:21:29 EET" name="beforeMethod" finished-at="2023-01-01T21:21:29 EET" duration-ms="1" status="PASS">
          <params>
            <param index="0">
              <value>
                <![CDATA[public void com.ForSale.testcases.AddMediaScreenTest.TestCase_NavigationToAddMediaScreen()]]>
              </value>
            </param>
          </params>
          <reporter-output>
          </reporter-output>
        </test-method> <!-- beforeMethod -->
        <test-method signature="TestCase_NavigationToAddMediaScreen()[pri:0, instance:com.ForSale.testcases.AddMediaScreenTest@21b2e768]" started-at="2023-01-01T21:21:29 EET" name="TestCase_NavigationToAddMediaScreen" finished-at="2023-01-01T21:21:29 EET" duration-ms="119" status="PASS">
          <reporter-output>
          </reporter-output>
        </test-method> <!-- TestCase_NavigationToAddMediaScreen -->
        <test-method is-config="true" signature="afterMethod(java.lang.reflect.Method,org.testng.ITestResult)[pri:0, instance:com.ForSale.testcases.AddMediaScreenTest@21b2e768]" started-at="2023-01-01T21:21:29 EET" name="afterMethod" finished-at="2023-01-01T21:21:30 EET" duration-ms="546" status="PASS">
          <params>
            <param index="0">
              <value>
                <![CDATA[public void com.ForSale.testcases.AddMediaScreenTest.TestCase_NavigationToAddMediaScreen()]]>
              </value>
            </param>
            <param index="1">
              <value>
                <![CDATA[[TestResult name=TestCase_NavigationToAddMediaScreen status=SUCCESS method=AddMediaScreenTest.TestCase_NavigationToAddMediaScreen()[pri:0, instance:com.ForSale.testcases.AddMediaScreenTest@21b2e768] output={null}]]]>
              </value>
            </param>
          </params>
          <reporter-output>
          </reporter-output>
        </test-method> <!-- afterMethod -->
      </class> <!-- com.ForSale.testcases.AddMediaScreenTest -->
      <class name="com.ForSale.testcases.PostanadScreenTest">
        <test-method is-config="true" signature="beforeMethod(java.lang.reflect.Method)[pri:0, instance:com.ForSale.testcases.PostanadScreenTest@6a03bcb1]" started-at="2023-01-01T21:21:05 EET" name="beforeMethod" finished-at="2023-01-01T21:21:05 EET" duration-ms="1" status="PASS">
          <params>
            <param index="0">
              <value>
                <![CDATA[public void com.ForSale.testcases.PostanadScreenTest.TestCase_DisplayRequiredDataMessage()]]>
              </value>
            </param>
          </params>
          <reporter-output>
          </reporter-output>
        </test-method> <!-- beforeMethod -->
        <test-method signature="TestCase_DisplayRequiredDataMessage()[pri:0, instance:com.ForSale.testcases.PostanadScreenTest@6a03bcb1]" started-at="2023-01-01T21:21:05 EET" name="TestCase_DisplayRequiredDataMessage" finished-at="2023-01-01T21:21:12 EET" duration-ms="7450" status="PASS">
          <reporter-output>
          </reporter-output>
        </test-method> <!-- TestCase_DisplayRequiredDataMessage -->
        <test-method is-config="true" signature="afterMethod(java.lang.reflect.Method,org.testng.ITestResult)[pri:0, instance:com.ForSale.testcases.PostanadScreenTest@6a03bcb1]" started-at="2023-01-01T21:21:12 EET" name="afterMethod" finished-at="2023-01-01T21:21:13 EET" duration-ms="749" status="PASS">
          <params>
            <param index="0">
              <value>
                <![CDATA[public void com.ForSale.testcases.PostanadScreenTest.TestCase_DisplayRequiredDataMessage()]]>
              </value>
            </param>
            <param index="1">
              <value>
                <![CDATA[[TestResult name=TestCase_DisplayRequiredDataMessage status=SUCCESS method=PostanadScreenTest.TestCase_DisplayRequiredDataMessage()[pri:0, instance:com.ForSale.testcases.PostanadScreenTest@6a03bcb1] output={null}]]]>
              </value>
            </param>
          </params>
          <reporter-output>
          </reporter-output>
        </test-method> <!-- afterMethod -->
        <test-method is-config="true" signature="beforeMethod(java.lang.reflect.Method)[pri:0, instance:com.ForSale.testcases.PostanadScreenTest@6a03bcb1]" started-at="2023-01-01T21:21:13 EET" name="beforeMethod" finished-at="2023-01-01T21:21:13 EET" duration-ms="1" status="PASS">
          <params>
            <param index="0">
              <value>
                <![CDATA[public void com.ForSale.testcases.PostanadScreenTest.TestCase_ResumeAdDetails()]]>
              </value>
            </param>
          </params>
          <reporter-output>
          </reporter-output>
        </test-method> <!-- beforeMethod -->
        <test-method signature="TestCase_ResumeAdDetails()[pri:0, instance:com.ForSale.testcases.PostanadScreenTest@6a03bcb1]" started-at="2023-01-01T21:21:13 EET" name="TestCase_ResumeAdDetails" finished-at="2023-01-01T21:21:28 EET" duration-ms="15000" status="PASS">
          <reporter-output>
          </reporter-output>
        </test-method> <!-- TestCase_ResumeAdDetails -->
        <test-method is-config="true" signature="afterMethod(java.lang.reflect.Method,org.testng.ITestResult)[pri:0, instance:com.ForSale.testcases.PostanadScreenTest@6a03bcb1]" started-at="2023-01-01T21:21:28 EET" name="afterMethod" finished-at="2023-01-01T21:21:29 EET" duration-ms="692" status="PASS">
          <params>
            <param index="0">
              <value>
                <![CDATA[public void com.ForSale.testcases.PostanadScreenTest.TestCase_ResumeAdDetails()]]>
              </value>
            </param>
            <param index="1">
              <value>
                <![CDATA[[TestResult name=TestCase_ResumeAdDetails status=SUCCESS method=PostanadScreenTest.TestCase_ResumeAdDetails()[pri:0, instance:com.ForSale.testcases.PostanadScreenTest@6a03bcb1] output={null}]]]>
              </value>
            </param>
          </params>
          <reporter-output>
          </reporter-output>
        </test-method> <!-- afterMethod -->
      </class> <!-- com.ForSale.testcases.PostanadScreenTest -->
    </test> <!-- Android -->
  </suite> <!-- 4Sale -->
</testng-results>
